2019-11-02-10-13 [DubboServerHandler-192.168.137.1:20881-thread-6] [com.alibaba.dubbo.rpc.filter.ExceptionFilter] [ERROR] -  [DUBBO] Got unchecked and undeclared exception which called by 192.168.137.1. service: cn.zhixiangsingle.service.UserService.UserService, method: getUsers, exception: com.alibaba.dubbo.rpc.RpcException: Failed to invoke remote proxy method getUsers to registry://192.168.1.103:2181/com.alibaba.dubbo.registry.RegistryService?application=provider&dubbo=2.5.5&export=dubbo%3A%2F%2F192.168.137.1%3A20881%2Fcn.zhixiangsingle.service.UserService.UserService%3Fanyhost%3Dtrue%26application%3Dprovider%26default.timeout%3D12000%26dubbo%3D2.5.5%26generic%3Dfalse%26interface%3Dcn.zhixiangsingle.service.UserService.UserService%26methods%3DfindUserByName%2CupdatePwd%2CsetDelUser%2CgetUsers%2CselectCommon%2CsetJobUser%2CsetUser%2CgetUserAndRoles%26pid%3D9232%26revision%3D1.0.0%26side%3Dprovider%26timestamp%3D1572660800764%26version%3D1.0.0&pid=9232&registry=zookeeper&timestamp=1572660800764, cause: Not found method "getUsers" in class cn.zhixiangsingle.service.UserService.UserService., dubbo version: 2.5.5, current host: 127.0.0.1
  com.alibaba.dubbo.rpc.RpcException: Failed to invoke remote proxy method getUsers to registry://192.168.1.103:2181/com.alibaba.dubbo.registry.RegistryService?application=provider&dubbo=2.5.5&export=dubbo%3A%2F%2F192.168.137.1%3A20881%2Fcn.zhixiangsingle.service.UserService.UserService%3Fanyhost%3Dtrue%26application%3Dprovider%26default.timeout%3D12000%26dubbo%3D2.5.5%26generic%3Dfalse%26interface%3Dcn.zhixiangsingle.service.UserService.UserService%26methods%3DfindUserByName%2CupdatePwd%2CsetDelUser%2CgetUsers%2CselectCommon%2CsetJobUser%2CsetUser%2CgetUserAndRoles%26pid%3D9232%26revision%3D1.0.0%26side%3Dprovider%26timestamp%3D1572660800764%26version%3D1.0.0&pid=9232&registry=zookeeper&timestamp=1572660800764, cause: Not found method "getUsers" in class cn.zhixiangsingle.service.UserService.UserService.
	at com.alibaba.dubbo.rpc.proxy.AbstractProxyInvoker.invoke(AbstractProxyInvoker.java:76)
	at com.alibaba.dubbo.rpc.protocol.InvokerWrapper.invoke(InvokerWrapper.java:53)
	at com.alibaba.dubbo.rpc.filter.ExceptionFilter.invoke(ExceptionFilter.java:64)
	at com.alibaba.dubbo.rpc.protocol.ProtocolFilterWrapper$1.invoke(ProtocolFilterWrapper.java:69)
	at com.alibaba.dubbo.monitor.support.MonitorFilter.invoke(MonitorFilter.java:75)
	at com.alibaba.dubbo.rpc.protocol.ProtocolFilterWrapper$1.invoke(ProtocolFilterWrapper.java:69)
	at com.alibaba.dubbo.rpc.filter.TimeoutFilter.invoke(TimeoutFilter.java:42)
	at com.alibaba.dubbo.rpc.protocol.ProtocolFilterWrapper$1.invoke(ProtocolFilterWrapper.java:69)
	at com.alibaba.dubbo.rpc.protocol.dubbo.filter.TraceFilter.invoke(TraceFilter.java:78)
	at com.alibaba.dubbo.rpc.protocol.ProtocolFilterWrapper$1.invoke(ProtocolFilterWrapper.java:69)
	at com.alibaba.dubbo.rpc.filter.ContextFilter.invoke(ContextFilter.java:61)
	at com.alibaba.dubbo.rpc.protocol.ProtocolFilterWrapper$1.invoke(ProtocolFilterWrapper.java:69)
	at com.alibaba.dubbo.rpc.filter.GenericFilter.invoke(GenericFilter.java:132)
	at com.alibaba.dubbo.rpc.protocol.ProtocolFilterWrapper$1.invoke(ProtocolFilterWrapper.java:69)
	at com.alibaba.dubbo.rpc.filter.ClassLoaderFilter.invoke(ClassLoaderFilter.java:38)
	at com.alibaba.dubbo.rpc.protocol.ProtocolFilterWrapper$1.invoke(ProtocolFilterWrapper.java:69)
	at com.alibaba.dubbo.rpc.filter.EchoFilter.invoke(EchoFilter.java:38)
	at com.alibaba.dubbo.rpc.protocol.ProtocolFilterWrapper$1.invoke(ProtocolFilterWrapper.java:69)
	at com.alibaba.dubbo.rpc.protocol.dubbo.DubboProtocol$1.reply(DubboProtocol.java:102)
	at com.alibaba.dubbo.remoting.exchange.support.header.HeaderExchangeHandler.handleRequest(HeaderExchangeHandler.java:98)
	at com.alibaba.dubbo.remoting.exchange.support.header.HeaderExchangeHandler.received(HeaderExchangeHandler.java:170)
	at com.alibaba.dubbo.remoting.transport.DecodeHandler.received(DecodeHandler.java:52)
	at com.alibaba.dubbo.remoting.transport.dispatcher.ChannelEventRunnable.run(ChannelEventRunnable.java:81)
	at java.util.concurrent.ThreadPoolExecutor.runWorker(ThreadPoolExecutor.java:1149)
	at java.util.concurrent.ThreadPoolExecutor$Worker.run(ThreadPoolExecutor.java:624)
	at java.lang.Thread.run(Thread.java:748)
Caused by: com.alibaba.dubbo.common.bytecode.NoSuchMethodException: Not found method "getUsers" in class cn.zhixiangsingle.service.UserService.UserService.
	at com.alibaba.dubbo.common.bytecode.Wrapper23.invokeMethod(Wrapper23.java)
	at com.alibaba.dubbo.rpc.proxy.javassist.JavassistProxyFactory$1.doInvoke(JavassistProxyFactory.java:46)
	at com.alibaba.dubbo.rpc.proxy.AbstractProxyInvoker.invoke(AbstractProxyInvoker.java:72)
	... 25 more
2019-11-02-10-13 [DubboServerHandler-192.168.137.1:20881-thread-7] [com.alibaba.dubbo.rpc.filter.ExceptionFilter] [ERROR] -  [DUBBO] Got unchecked and undeclared exception which called by 192.168.137.1. service: cn.zhixiangsingle.service.UserService.UserService, method: getUsers, exception: com.alibaba.dubbo.rpc.RpcException: Failed to invoke remote proxy method getUsers to registry://192.168.1.103:2181/com.alibaba.dubbo.registry.RegistryService?application=provider&dubbo=2.5.5&export=dubbo%3A%2F%2F192.168.137.1%3A20881%2Fcn.zhixiangsingle.service.UserService.UserService%3Fanyhost%3Dtrue%26application%3Dprovider%26default.timeout%3D12000%26dubbo%3D2.5.5%26generic%3Dfalse%26interface%3Dcn.zhixiangsingle.service.UserService.UserService%26methods%3DfindUserByName%2CupdatePwd%2CsetDelUser%2CgetUsers%2CselectCommon%2CsetJobUser%2CsetUser%2CgetUserAndRoles%26pid%3D9232%26revision%3D1.0.0%26side%3Dprovider%26timestamp%3D1572660800764%26version%3D1.0.0&pid=9232&registry=zookeeper&timestamp=1572660800764, cause: Not found method "getUsers" in class cn.zhixiangsingle.service.UserService.UserService., dubbo version: 2.5.5, current host: 127.0.0.1
  com.alibaba.dubbo.rpc.RpcException: Failed to invoke remote proxy method getUsers to registry://192.168.1.103:2181/com.alibaba.dubbo.registry.RegistryService?application=provider&dubbo=2.5.5&export=dubbo%3A%2F%2F192.168.137.1%3A20881%2Fcn.zhixiangsingle.service.UserService.UserService%3Fanyhost%3Dtrue%26application%3Dprovider%26default.timeout%3D12000%26dubbo%3D2.5.5%26generic%3Dfalse%26interface%3Dcn.zhixiangsingle.service.UserService.UserService%26methods%3DfindUserByName%2CupdatePwd%2CsetDelUser%2CgetUsers%2CselectCommon%2CsetJobUser%2CsetUser%2CgetUserAndRoles%26pid%3D9232%26revision%3D1.0.0%26side%3Dprovider%26timestamp%3D1572660800764%26version%3D1.0.0&pid=9232&registry=zookeeper&timestamp=1572660800764, cause: Not found method "getUsers" in class cn.zhixiangsingle.service.UserService.UserService.
	at com.alibaba.dubbo.rpc.proxy.AbstractProxyInvoker.invoke(AbstractProxyInvoker.java:76)
	at com.alibaba.dubbo.rpc.protocol.InvokerWrapper.invoke(InvokerWrapper.java:53)
	at com.alibaba.dubbo.rpc.filter.ExceptionFilter.invoke(ExceptionFilter.java:64)
	at com.alibaba.dubbo.rpc.protocol.ProtocolFilterWrapper$1.invoke(ProtocolFilterWrapper.java:69)
	at com.alibaba.dubbo.monitor.support.MonitorFilter.invoke(MonitorFilter.java:75)
	at com.alibaba.dubbo.rpc.protocol.ProtocolFilterWrapper$1.invoke(ProtocolFilterWrapper.java:69)
	at com.alibaba.dubbo.rpc.filter.TimeoutFilter.invoke(TimeoutFilter.java:42)
	at com.alibaba.dubbo.rpc.protocol.ProtocolFilterWrapper$1.invoke(ProtocolFilterWrapper.java:69)
	at com.alibaba.dubbo.rpc.protocol.dubbo.filter.TraceFilter.invoke(TraceFilter.java:78)
	at com.alibaba.dubbo.rpc.protocol.ProtocolFilterWrapper$1.invoke(ProtocolFilterWrapper.java:69)
	at com.alibaba.dubbo.rpc.filter.ContextFilter.invoke(ContextFilter.java:61)
	at com.alibaba.dubbo.rpc.protocol.ProtocolFilterWrapper$1.invoke(ProtocolFilterWrapper.java:69)
	at com.alibaba.dubbo.rpc.filter.GenericFilter.invoke(GenericFilter.java:132)
	at com.alibaba.dubbo.rpc.protocol.ProtocolFilterWrapper$1.invoke(ProtocolFilterWrapper.java:69)
	at com.alibaba.dubbo.rpc.filter.ClassLoaderFilter.invoke(ClassLoaderFilter.java:38)
	at com.alibaba.dubbo.rpc.protocol.ProtocolFilterWrapper$1.invoke(ProtocolFilterWrapper.java:69)
	at com.alibaba.dubbo.rpc.filter.EchoFilter.invoke(EchoFilter.java:38)
	at com.alibaba.dubbo.rpc.protocol.ProtocolFilterWrapper$1.invoke(ProtocolFilterWrapper.java:69)
	at com.alibaba.dubbo.rpc.protocol.dubbo.DubboProtocol$1.reply(DubboProtocol.java:102)
	at com.alibaba.dubbo.remoting.exchange.support.header.HeaderExchangeHandler.handleRequest(HeaderExchangeHandler.java:98)
	at com.alibaba.dubbo.remoting.exchange.support.header.HeaderExchangeHandler.received(HeaderExchangeHandler.java:170)
	at com.alibaba.dubbo.remoting.transport.DecodeHandler.received(DecodeHandler.java:52)
	at com.alibaba.dubbo.remoting.transport.dispatcher.ChannelEventRunnable.run(ChannelEventRunnable.java:81)
	at java.util.concurrent.ThreadPoolExecutor.runWorker(ThreadPoolExecutor.java:1149)
	at java.util.concurrent.ThreadPoolExecutor$Worker.run(ThreadPoolExecutor.java:624)
	at java.lang.Thread.run(Thread.java:748)
Caused by: com.alibaba.dubbo.common.bytecode.NoSuchMethodException: Not found method "getUsers" in class cn.zhixiangsingle.service.UserService.UserService.
	at com.alibaba.dubbo.common.bytecode.Wrapper23.invokeMethod(Wrapper23.java)
	at com.alibaba.dubbo.rpc.proxy.javassist.JavassistProxyFactory$1.doInvoke(JavassistProxyFactory.java:46)
	at com.alibaba.dubbo.rpc.proxy.AbstractProxyInvoker.invoke(AbstractProxyInvoker.java:72)
	... 25 more
2019-11-02-10-13 [DubboServerHandler-192.168.137.1:20881-thread-8] [com.alibaba.dubbo.rpc.filter.ExceptionFilter] [ERROR] -  [DUBBO] Got unchecked and undeclared exception which called by 192.168.137.1. service: cn.zhixiangsingle.service.UserService.UserService, method: getUsers, exception: com.alibaba.dubbo.rpc.RpcException: Failed to invoke remote proxy method getUsers to registry://192.168.1.103:2181/com.alibaba.dubbo.registry.RegistryService?application=provider&dubbo=2.5.5&export=dubbo%3A%2F%2F192.168.137.1%3A20881%2Fcn.zhixiangsingle.service.UserService.UserService%3Fanyhost%3Dtrue%26application%3Dprovider%26default.timeout%3D12000%26dubbo%3D2.5.5%26generic%3Dfalse%26interface%3Dcn.zhixiangsingle.service.UserService.UserService%26methods%3DfindUserByName%2CupdatePwd%2CsetDelUser%2CgetUsers%2CselectCommon%2CsetJobUser%2CsetUser%2CgetUserAndRoles%26pid%3D9232%26revision%3D1.0.0%26side%3Dprovider%26timestamp%3D1572660800764%26version%3D1.0.0&pid=9232&registry=zookeeper&timestamp=1572660800764, cause: Not found method "getUsers" in class cn.zhixiangsingle.service.UserService.UserService., dubbo version: 2.5.5, current host: 127.0.0.1
  com.alibaba.dubbo.rpc.RpcException: Failed to invoke remote proxy method getUsers to registry://192.168.1.103:2181/com.alibaba.dubbo.registry.RegistryService?application=provider&dubbo=2.5.5&export=dubbo%3A%2F%2F192.168.137.1%3A20881%2Fcn.zhixiangsingle.service.UserService.UserService%3Fanyhost%3Dtrue%26application%3Dprovider%26default.timeout%3D12000%26dubbo%3D2.5.5%26generic%3Dfalse%26interface%3Dcn.zhixiangsingle.service.UserService.UserService%26methods%3DfindUserByName%2CupdatePwd%2CsetDelUser%2CgetUsers%2CselectCommon%2CsetJobUser%2CsetUser%2CgetUserAndRoles%26pid%3D9232%26revision%3D1.0.0%26side%3Dprovider%26timestamp%3D1572660800764%26version%3D1.0.0&pid=9232&registry=zookeeper&timestamp=1572660800764, cause: Not found method "getUsers" in class cn.zhixiangsingle.service.UserService.UserService.
	at com.alibaba.dubbo.rpc.proxy.AbstractProxyInvoker.invoke(AbstractProxyInvoker.java:76)
	at com.alibaba.dubbo.rpc.protocol.InvokerWrapper.invoke(InvokerWrapper.java:53)
	at com.alibaba.dubbo.rpc.filter.ExceptionFilter.invoke(ExceptionFilter.java:64)
	at com.alibaba.dubbo.rpc.protocol.ProtocolFilterWrapper$1.invoke(ProtocolFilterWrapper.java:69)
	at com.alibaba.dubbo.monitor.support.MonitorFilter.invoke(MonitorFilter.java:75)
	at com.alibaba.dubbo.rpc.protocol.ProtocolFilterWrapper$1.invoke(ProtocolFilterWrapper.java:69)
	at com.alibaba.dubbo.rpc.filter.TimeoutFilter.invoke(TimeoutFilter.java:42)
	at com.alibaba.dubbo.rpc.protocol.ProtocolFilterWrapper$1.invoke(ProtocolFilterWrapper.java:69)
	at com.alibaba.dubbo.rpc.protocol.dubbo.filter.TraceFilter.invoke(TraceFilter.java:78)
	at com.alibaba.dubbo.rpc.protocol.ProtocolFilterWrapper$1.invoke(ProtocolFilterWrapper.java:69)
	at com.alibaba.dubbo.rpc.filter.ContextFilter.invoke(ContextFilter.java:61)
	at com.alibaba.dubbo.rpc.protocol.ProtocolFilterWrapper$1.invoke(ProtocolFilterWrapper.java:69)
	at com.alibaba.dubbo.rpc.filter.GenericFilter.invoke(GenericFilter.java:132)
	at com.alibaba.dubbo.rpc.protocol.ProtocolFilterWrapper$1.invoke(ProtocolFilterWrapper.java:69)
	at com.alibaba.dubbo.rpc.filter.ClassLoaderFilter.invoke(ClassLoaderFilter.java:38)
	at com.alibaba.dubbo.rpc.protocol.ProtocolFilterWrapper$1.invoke(ProtocolFilterWrapper.java:69)
	at com.alibaba.dubbo.rpc.filter.EchoFilter.invoke(EchoFilter.java:38)
	at com.alibaba.dubbo.rpc.protocol.ProtocolFilterWrapper$1.invoke(ProtocolFilterWrapper.java:69)
	at com.alibaba.dubbo.rpc.protocol.dubbo.DubboProtocol$1.reply(DubboProtocol.java:102)
	at com.alibaba.dubbo.remoting.exchange.support.header.HeaderExchangeHandler.handleRequest(HeaderExchangeHandler.java:98)
	at com.alibaba.dubbo.remoting.exchange.support.header.HeaderExchangeHandler.received(HeaderExchangeHandler.java:170)
	at com.alibaba.dubbo.remoting.transport.DecodeHandler.received(DecodeHandler.java:52)
	at com.alibaba.dubbo.remoting.transport.dispatcher.ChannelEventRunnable.run(ChannelEventRunnable.java:81)
	at java.util.concurrent.ThreadPoolExecutor.runWorker(ThreadPoolExecutor.java:1149)
	at java.util.concurrent.ThreadPoolExecutor$Worker.run(ThreadPoolExecutor.java:624)
	at java.lang.Thread.run(Thread.java:748)
Caused by: com.alibaba.dubbo.common.bytecode.NoSuchMethodException: Not found method "getUsers" in class cn.zhixiangsingle.service.UserService.UserService.
	at com.alibaba.dubbo.common.bytecode.Wrapper23.invokeMethod(Wrapper23.java)
	at com.alibaba.dubbo.rpc.proxy.javassist.JavassistProxyFactory$1.doInvoke(JavassistProxyFactory.java:46)
	at com.alibaba.dubbo.rpc.proxy.AbstractProxyInvoker.invoke(AbstractProxyInvoker.java:72)
	... 25 more
